#
# A fatal error has been detected by the Java Runtime Environment:
#
#  SIGSEGV (0xb) at pc=0x0000000000000020, pid=24065, tid=139674486490880
#
# JRE version: Java(TM) SE Runtime Environment (8.0_66-b17) (build 1.8.0_66-b17)
# Java VM: Java HotSpot(TM) 64-Bit Server VM (25.66-b17 mixed mode linux-amd64 compressed oops)
# Problematic frame:
# C  0x0000000000000020
#
# Failed to write core dump. Core dumps have been disabled. To enable core dumping, try "ulimit -c unlimited" before starting Java again
#
# If you would like to submit a bug report, please visit:
#   http://bugreport.java.com/bugreport/crash.jsp
#

---------------  T H R E A D  ---------------

Current thread (0x00007f08b80ce800):  JavaThread "JDWP Transport Listener: dt_socket" daemon [_thread_in_vm, id=24087, stack(0x00007f088016c000,0x00007f088026d000)]

siginfo: si_signo: 11 (SIGSEGV), si_code: 1 (SEGV_MAPERR), si_addr: 0x0000000000000020

Registers:
RAX=0x00007f08700051b0, RBX=0x00007f0870005ef0, RCX=0x00007f08c10ae340, RDX=0x00007f08c0686560
RSP=0x00007f088026b7c8, RBP=0x00007f088026b7e0, RSI=0x00007f08b80ce800, RDI=0x00007f0870005ef0
R8 =0x00007f0870003db0, R9 =0x0000000000000000, R10=0x0000000000000010, R11=0x00007f08c0847ff0
R12=0x0000000000000017, R13=0x00007f0870000078, R14=0x00007f08b80ce800, R15=0x00007f088026b8e7
RIP=0x0000000000000020, EFLAGS=0x0000000000010212, CSGSFS=0x0000000000000033, ERR=0x0000000000000014
  TRAPNO=0x000000000000000e

Top of Stack: (sp=0x00007f088026b7c8)
0x00007f088026b7c8:   00007f08bff7c817 0000000000000074
0x00007f088026b7d8:   00007f08b8003680 00007f088026b850
0x00007f088026b7e8:   00007f08bfe0d2de 00007f088026b810
0x00007f088026b7f8:   00007f088026b800 00007f08b80ce800
0x00007f088026b808:   0000000000000000 00007f0800000000
0x00007f088026b818:   0000000000000000 00007f088026b840
0x00007f088026b828:   00007f08bed8be40 00007f0870000078
0x00007f088026b838:   00007f088026b8e7 0000000000000001
0x00007f088026b848:   00007f088026b8e7 00007f088026b880
0x00007f088026b858:   00007f08beb778c2 00007f088026b880
0x00007f088026b868:   00007f0870000078 00007f088026b950
0x00007f088026b878:   0000000000000008 00007f088026b910
0x00007f088026b888:   00007f08beb58aa0 00007f088026b8c8
0x00007f088026b898:   00007f088026b8c0 00007f088026b8b8
0x00007f088026b8a8:   00007f088026b8dc 00000001700030e0
0x00007f088026b8b8:   0000000000000000 0000000000000000
0x00007f088026b8c8:   0000000000000000 00007f0870003280
0x00007f088026b8d8:   000000098026b950 0000000000000002
0x00007f088026b8e8:   0000000000000002 000000000000000f
0x00007f088026b8f8:   0000000000000002 00000000000f0200
0x00007f088026b908:   000000000000000f 00007f088026bb60
0x00007f088026b918:   00007f08beb639c6 0000190900000013
0x00007f088026b928:   00007f08bf0f0200 00007f0860000fb0
0x00007f088026b938:   0000000000000000 00007f088026b950
0x00007f088026b948:   00007f088026bae0 00007f088026b9d6
0x00007f088026b958:   00007f08000000f6 00007f088026b968
0x00007f088026b968:   0000000000000036 00007f088026b9a0
0x00007f088026b978:   0000000000000000 00007f0000000000
0x00007f088026b988:   000019090000001c 00007f080000ba80
0x00007f088026b998:   00007f088026b9a0 087f000002000000
0x00007f088026b9a8:   04000000103e0070 160000006e69616d
0x00007f088026b9b8:   2f6176616a4c5b28 7274532f676e616c 

Instructions: (pc=0x0000000000000020)
0x0000000000000000:   
[error occurred during error reporting (printing registers, top of stack, instructions near pc), id 0xb]

Register to memory mapping:

RAX=0x00007f08700051b0 is an unknown value
RBX=0x00007f0870005ef0 is an unknown value
RCX=0x00007f08c10ae340: <offset 0x219340> in /lib/x86_64-linux-gnu/libpthread.so.0 at 0x00007f08c0e95000
RDX=0x00007f08c0686560: <offset 0xfaf560> in /usr/lib/jvm/java-8-oracle/jre/lib/amd64/server/libjvm.so at 0x00007f08bf6d7000
RSP=0x00007f088026b7c8 is pointing into the stack for thread: 0x00007f08b80ce800
RBP=0x00007f088026b7e0 is pointing into the stack for thread: 0x00007f08b80ce800
RSI=0x00007f08b80ce800 is a thread
RDI=0x00007f0870005ef0 is an unknown value
R8 =0x00007f0870003db0 is an unknown value
R9 =0x0000000000000000 is an unknown value
R10=0x0000000000000010 is an unknown value
R11=0x00007f08c0847ff0: <offset 0x196ff0> in /lib/x86_64-linux-gnu/libc.so.6 at 0x00007f08c06b1000
R12=0x0000000000000017 is an unknown value
R13=0x00007f0870000078 is an unknown value
R14=0x00007f08b80ce800 is a thread
R15=0x00007f088026b8e7 is pointing into the stack for thread: 0x00007f08b80ce800


Stack: [0x00007f088016c000,0x00007f088026d000],  sp=0x00007f088026b7c8,  free space=1021k
Native frames: (J=compiled Java code, j=interpreted, Vv=VM code, C=native code)
C  0x0000000000000020
V  [libjvm.so+0x7362de]  jvmti_IsMethodSynthetic+0x2be
C  [libjdwp.so+0x258c2]  isMethodSynthetic+0x42
C  [libjdwp.so+0x6aa0]  methods1+0x1b0
C  [libjdwp.so+0x119c6]  debugLoop_run+0x2b6
C  [libjdwp.so+0x247ff]  attachThread+0x2f
V  [libjvm.so+0x7a2a62]  JvmtiAgentThread::call_start_function()+0xc2
V  [libjvm.so+0xa68fff]  JavaThread::thread_main_inner()+0xdf
V  [libjvm.so+0xa6912c]  JavaThread::run()+0x11c
V  [libjvm.so+0x91cc68]  java_start(Thread*)+0x108
C  [libpthread.so.0+0x76aa]  start_thread+0xca


---------------  P R O C E S S  ---------------

Java Threads: ( => current thread )
  0x00007f08b80e9000 JavaThread "Service Thread" daemon [_thread_blocked, id=24098, stack(0x00007f086b9fa000,0x00007f086bafb000)]
  0x00007f08b80db800 JavaThread "C1 CompilerThread3" daemon [_thread_blocked, id=24097, stack(0x00007f086bafb000,0x00007f086bbfc000)]
  0x00007f08b80d9000 JavaThread "C2 CompilerThread2" daemon [_thread_blocked, id=24096, stack(0x00007f086bbfc000,0x00007f086bcfd000)]
  0x00007f08b80d7000 JavaThread "C2 CompilerThread1" daemon [_thread_blocked, id=24095, stack(0x00007f086bcfd000,0x00007f086bdfe000)]
  0x00007f08b80d4800 JavaThread "C2 CompilerThread0" daemon [_thread_blocked, id=24094, stack(0x00007f086bdfe000,0x00007f086beff000)]
  0x00007f0870001000 JavaThread "JDWP Command Reader" daemon [_thread_in_native, id=24089, stack(0x00007f086beff000,0x00007f086c000000)]
  0x00007f08b80d2000 JavaThread "JDWP Event Helper Thread" daemon [_thread_blocked, id=24088, stack(0x00007f088006b000,0x00007f088016c000)]
=>0x00007f08b80ce800 JavaThread "JDWP Transport Listener: dt_socket" daemon [_thread_in_vm, id=24087, stack(0x00007f088016c000,0x00007f088026d000)]
  0x00007f08b80c2000 JavaThread "Signal Dispatcher" daemon [_thread_blocked, id=24085, stack(0x00007f0880471000,0x00007f0880572000)]
  0x00007f08b808b000 JavaThread "Finalizer" daemon [_thread_blocked, id=24084, stack(0x00007f0880572000,0x00007f0880673000)]
  0x00007f08b8088800 JavaThread "Reference Handler" daemon [_thread_blocked, id=24083, stack(0x00007f0880673000,0x00007f0880774000)]
  0x00007f08b800d000 JavaThread "main" [_thread_blocked, id=24071, stack(0x00007f08c11ad000,0x00007f08c12ae000)]

Other Threads:
  0x00007f08b8083800 VMThread [stack: 0x00007f0880774000,0x00007f0880875000] [id=24081]
  0x00007f08b80ec000 WatcherThread [stack: 0x00007f086b8f9000,0x00007f086b9fa000] [id=24099]

VM state:not at safepoint (normal execution)

VM Mutex/Monitor currently owned by a thread: None

Heap:
 PSYoungGen      total 56320K, used 3891K [0x0000000781d00000, 0x0000000785b80000, 0x00000007c0000000)
  eden space 48640K, 8% used [0x0000000781d00000,0x00000007820ccdb0,0x0000000784c80000)
  from space 7680K, 0% used [0x0000000785400000,0x0000000785400000,0x0000000785b80000)
  to   space 7680K, 0% used [0x0000000784c80000,0x0000000784c80000,0x0000000785400000)
 ParOldGen       total 128512K, used 0K [0x0000000705600000, 0x000000070d380000, 0x0000000781d00000)
  object space 128512K, 0% used [0x0000000705600000,0x0000000705600000,0x000000070d380000)
 Metaspace       used 2519K, capacity 4500K, committed 4864K, reserved 1056768K
  class space    used 269K, capacity 388K, committed 512K, reserved 1048576K

Card table byte_map: [0x00007f08bce7f000,0x00007f08bd455000] byte_map_base: 0x00007f08b9654000

Marking Bits: (ParMarkBitMap*) 0x00007f08c0686020
 Begin Bits: [0x00007f08822b0000, 0x00007f0885158000)
 End Bits:   [0x00007f0885158000, 0x00007f0888000000)

Polling page: 0x00007f08c12d3000

CodeCache: size=245760Kb used=1081Kb max_used=1081Kb free=244678Kb
 bounds [0x00007f08a9000000, 0x00007f08a9270000, 0x00007f08b8000000]
 total_blobs=236 nmethods=16 adapters=143
 compilation: enabled

Compilation events (10 events):
Event: 0,247 Thread 0x00007f08b80db800   12       3       java.lang.String::<init> (82 bytes)
Event: 0,248 Thread 0x00007f08b80db800 nmethod 12 0x00007f08a910bf50 code [0x00007f08a910c140, 0x00007f08a910c678]
Event: 0,254 Thread 0x00007f08b80db800   13       3       java.lang.String::getChars (62 bytes)
Event: 0,254 Thread 0x00007f08b80db800 nmethod 13 0x00007f08a910cf90 code [0x00007f08a910d160, 0x00007f08a910d5f8]
Event: 0,262 Thread 0x00007f08b80db800   14       3       java.lang.String::startsWith (72 bytes)
Event: 0,263 Thread 0x00007f08b80db800 nmethod 14 0x00007f08a910d8d0 code [0x00007f08a910da40, 0x00007f08a910dd90]
Event: 0,263 Thread 0x00007f08b80db800   15       3       java.lang.String::startsWith (7 bytes)
Event: 0,263 Thread 0x00007f08b80db800 nmethod 15 0x00007f08a910df90 code [0x00007f08a910e100, 0x00007f08a910e328]
Event: 0,263 Thread 0x00007f08b80db800   16       3       java.lang.System::getSecurityManager (4 bytes)
Event: 0,264 Thread 0x00007f08b80db800 nmethod 16 0x00007f08a910e3d0 code [0x00007f08a910e520, 0x00007f08a910e670]

GC Heap History (0 events):
No events

Deoptimization events (0 events):
No events

Internal exceptions (2 events):
Event: 0,047 Thread 0x00007f08b800d000 Exception <a 'java/lang/NoSuchMethodError': Method sun.misc.Unsafe.defineClass(Ljava/lang/String;[BII)Ljava/lang/Class; name or signature does not match> (0x0000000781d12b90) thrown at [/HUDSON/workspace/8-2-build-linux-amd64/jdk8u66/4988/hotspot/src/shar
Event: 0,047 Thread 0x00007f08b800d000 Exception <a 'java/lang/NoSuchMethodError': Method sun.misc.Unsafe.prefetchRead(Ljava/lang/Object;J)V name or signature does not match> (0x0000000781d12e78) thrown at [/HUDSON/workspace/8-2-build-linux-amd64/jdk8u66/4988/hotspot/src/share/vm/prims/jni.cpp

Events (10 events):
Event: 0,263 loading class br/net/ops/kamino/gui/console/ProcessamentoConsoleView
Event: 0,263 loading class br/net/ops/kamino/gui/console/ProcessamentoConsoleView done
Event: 0,267 Executing VM operation: ChangeBreakpoints
Event: 0,267 Executing VM operation: ChangeBreakpoints done
Event: 0,269 Executing VM operation: ChangeBreakpoints
Event: 0,269 Executing VM operation: ChangeBreakpoints done
Event: 4,248 Executing VM operation: EnableBiasedLocking
Event: 4,248 Executing VM operation: EnableBiasedLocking done
Event: 49,602 Executing VM operation: RedefineClasses
Event: 49,602 Executing VM operation: RedefineClasses done


Dynamic libraries:
00400000-00401000 r-xp 00000000 08:06 6037603                            /usr/lib/jvm/java-8-oracle/bin/java
00600000-00601000 rw-p 00000000 08:06 6037603                            /usr/lib/jvm/java-8-oracle/bin/java
010d1000-010f2000 rw-p 00000000 00:00 0                                  [heap]
705600000-70d380000 rw-p 00000000 00:00 0 
70d380000-781d00000 ---p 00000000 00:00 0 
781d00000-785b80000 rw-p 00000000 00:00 0 
785b80000-7c0000000 ---p 00000000 00:00 0 
7c0000000-7c0080000 rw-p 00000000 00:00 0 
7c0080000-800000000 ---p 00000000 00:00 0 
7f0848000000-7f0848021000 rw-p 00000000 00:00 0 
7f0848021000-7f084c000000 ---p 00000000 00:00 0 
7f084c000000-7f084c021000 rw-p 00000000 00:00 0 
7f084c021000-7f0850000000 ---p 00000000 00:00 0 
7f0850000000-7f0850025000 rw-p 00000000 00:00 0 
7f0850025000-7f0854000000 ---p 00000000 00:00 0 
7f0854000000-7f0854021000 rw-p 00000000 00:00 0 
7f0854021000-7f0858000000 ---p 00000000 00:00 0 
7f0858000000-7f0858066000 rw-p 00000000 00:00 0 
7f0858066000-7f085c000000 ---p 00000000 00:00 0 
7f085c000000-7f085c021000 rw-p 00000000 00:00 0 
7f085c021000-7f0860000000 ---p 00000000 00:00 0 
7f0860000000-7f0860021000 rw-p 00000000 00:00 0 
7f0860021000-7f0864000000 ---p 00000000 00:00 0 
7f0864000000-7f0864021000 rw-p 00000000 00:00 0 
7f0864021000-7f0868000000 ---p 00000000 00:00 0 
7f086b674000-7f086b8f9000 rw-p 00000000 00:00 0 
7f086b8f9000-7f086b8fa000 ---p 00000000 00:00 0 
7f086b8fa000-7f086b9fa000 rw-p 00000000 00:00 0                          [stack:24099]
7f086b9fa000-7f086b9fd000 ---p 00000000 00:00 0 
7f086b9fd000-7f086bafb000 rw-p 00000000 00:00 0                          [stack:24098]
7f086bafb000-7f086bafe000 ---p 00000000 00:00 0 
7f086bafe000-7f086bbfc000 rw-p 00000000 00:00 0                          [stack:24097]
7f086bbfc000-7f086bbff000 ---p 00000000 00:00 0 
7f086bbff000-7f086bcfd000 rw-p 00000000 00:00 0                          [stack:24096]
7f086bcfd000-7f086bd00000 ---p 00000000 00:00 0 
7f086bd00000-7f086bdfe000 rw-p 00000000 00:00 0                          [stack:24095]
7f086bdfe000-7f086be01000 ---p 00000000 00:00 0 
7f086be01000-7f086beff000 rw-p 00000000 00:00 0                          [stack:24094]
7f086beff000-7f086bf02000 ---p 00000000 00:00 0 
7f086bf02000-7f086c000000 rw-p 00000000 00:00 0                          [stack:24089]
7f086c000000-7f086c021000 rw-p 00000000 00:00 0 
7f086c021000-7f0870000000 ---p 00000000 00:00 0 
7f0870000000-7f0870021000 rw-p 00000000 00:00 0 
7f0870021000-7f0874000000 ---p 00000000 00:00 0 
7f0874000000-7f0874021000 rw-p 00000000 00:00 0 
7f0874021000-7f0878000000 ---p 00000000 00:00 0 
7f0878000000-7f0878021000 rw-p 00000000 00:00 0 
7f0878021000-7f087c000000 ---p 00000000 00:00 0 
7f087c000000-7f087c021000 rw-p 00000000 00:00 0 
7f087c021000-7f0880000000 ---p 00000000 00:00 0 
7f088006b000-7f088006e000 ---p 00000000 00:00 0 
7f088006e000-7f088016c000 rw-p 00000000 00:00 0                          [stack:24088]
7f088016c000-7f088016f000 ---p 00000000 00:00 0 
7f088016f000-7f088026d000 rw-p 00000000 00:00 0                          [stack:24087]
7f088026d000-7f0880271000 r-xp 00000000 08:06 7484483                    /usr/lib/jvm/java-8-oracle/jre/lib/amd64/libdt_socket.so
7f0880271000-7f0880470000 ---p 00004000 08:06 7484483                    /usr/lib/jvm/java-8-oracle/jre/lib/amd64/libdt_socket.so
7f0880470000-7f0880471000 rw-p 00003000 08:06 7484483                    /usr/lib/jvm/java-8-oracle/jre/lib/amd64/libdt_socket.so
7f0880471000-7f0880474000 ---p 00000000 00:00 0 
7f0880474000-7f0880572000 rw-p 00000000 00:00 0                          [stack:24085]
7f0880572000-7f0880575000 ---p 00000000 00:00 0 
7f0880575000-7f0880673000 rw-p 00000000 00:00 0                          [stack:24084]
7f0880673000-7f0880676000 ---p 00000000 00:00 0 
7f0880676000-7f0880774000 rw-p 00000000 00:00 0                          [stack:24083]
7f0880774000-7f0880775000 ---p 00000000 00:00 0 
7f0880775000-7f0888000000 rw-p 00000000 00:00 0                          [stack:24081]
7f0888000000-7f0888021000 rw-p 00000000 00:00 0 
7f0888021000-7f088c000000 ---p 00000000 00:00 0 
7f088c000000-7f088c021000 rw-p 00000000 00:00 0 
7f088c021000-7f0890000000 ---p 00000000 00:00 0 
7f0890000000-7f0890021000 rw-p 00000000 00:00 0 
7f0890021000-7f0894000000 ---p 00000000 00:00 0 
7f0894000000-7f0894021000 rw-p 00000000 00:00 0 
7f0894021000-7f0898000000 ---p 00000000 00:00 0 
7f0898000000-7f0898021000 rw-p 00000000 00:00 0 
7f0898021000-7f089c000000 ---p 00000000 00:00 0 
7f089c000000-7f089c021000 rw-p 00000000 00:00 0 
7f089c021000-7f08a0000000 ---p 00000000 00:00 0 
7f08a0000000-7f08a0021000 rw-p 00000000 00:00 0 
7f08a0021000-7f08a4000000 ---p 00000000 00:00 0 
7f08a4000000-7f08a4021000 rw-p 00000000 00:00 0 
7f08a4021000-7f08a8000000 ---p 00000000 00:00 0 
7f08a8015000-7f08a866b000 rw-p 00000000 00:00 0 
7f08a866b000-7f08a8a2b000 ---p 00000000 00:00 0 
7f08a8a2b000-7f08a9000000 rw-p 00000000 00:00 0 
7f08a9000000-7f08a9270000 rwxp 00000000 00:00 0 
7f08a9270000-7f08b8000000 ---p 00000000 00:00 0 
7f08b8000000-7f08b8107000 rw-p 00000000 00:00 0 
7f08b8107000-7f08bc000000 ---p 00000000 00:00 0 
7f08bc002000-7f08bc044000 rw-p 00000000 00:00 0 
7f08bc044000-7f08bc21d000 r--s 03d20000 08:06 6559562                    /usr/lib/jvm/java-8-oracle/jre/lib/rt.jar
7f08bc21d000-7f08bc293000 rw-p 00000000 00:00 0 
7f08bc293000-7f08bc294000 ---p 00000000 00:00 0 
7f08bc294000-7f08bc394000 rw-p 00000000 00:00 0                          [stack:24080]
7f08bc394000-7f08bc395000 ---p 00000000 00:00 0 
7f08bc395000-7f08bc495000 rw-p 00000000 00:00 0                          [stack:24079]
7f08bc495000-7f08bc496000 ---p 00000000 00:00 0 
7f08bc496000-7f08bc596000 rw-p 00000000 00:00 0                          [stack:24078]
7f08bc596000-7f08bc597000 ---p 00000000 00:00 0 
7f08bc597000-7f08bc697000 rw-p 00000000 00:00 0                          [stack:24077]
7f08bc697000-7f08bc698000 ---p 00000000 00:00 0 
7f08bc698000-7f08bc798000 rw-p 00000000 00:00 0                          [stack:24076]
7f08bc798000-7f08bc799000 ---p 00000000 00:00 0 
7f08bc799000-7f08bc899000 rw-p 00000000 00:00 0                          [stack:24075]
7f08bc899000-7f08bc89a000 ---p 00000000 00:00 0 
7f08bc89a000-7f08bc99a000 rw-p 00000000 00:00 0                          [stack:24074]
7f08bc99a000-7f08bc99b000 ---p 00000000 00:00 0 
7f08bc99b000-7f08bcada000 rw-p 00000000 00:00 0                          [stack:24073]
7f08bcada000-7f08bce7f000 ---p 00000000 00:00 0 
7f08bce7f000-7f08bcebe000 rw-p 00000000 00:00 0 
7f08bcebe000-7f08bd262000 ---p 00000000 00:00 0 
7f08bd262000-7f08bd282000 rw-p 00000000 00:00 0 
7f08bd282000-7f08bd454000 ---p 00000000 00:00 0 
7f08bd454000-7f08bd45f000 rw-p 00000000 00:00 0 
7f08bd45f000-7f08bd815000 ---p 00000000 00:00 0 
7f08bd815000-7f08bd82f000 r-xp 00000000 08:06 7484507                    /usr/lib/jvm/java-8-oracle/jre/lib/amd64/libzip.so
7f08bd82f000-7f08bda2f000 ---p 0001a000 08:06 7484507                    /usr/lib/jvm/java-8-oracle/jre/lib/amd64/libzip.so
7f08bda2f000-7f08bda30000 rw-p 0001a000 08:06 7484507                    /usr/lib/jvm/java-8-oracle/jre/lib/amd64/libzip.so
7f08bda30000-7f08bda3c000 r-xp 00000000 08:06 790992                     /lib/x86_64-linux-gnu/libnss_files-2.21.so
7f08bda3c000-7f08bdc3b000 ---p 0000c000 08:06 790992                     /lib/x86_64-linux-gnu/libnss_files-2.21.so
7f08bdc3b000-7f08bdc3c000 r--p 0000b000 08:06 790992                     /lib/x86_64-linux-gnu/libnss_files-2.21.so
7f08bdc3c000-7f08bdc3d000 rw-p 0000c000 08:06 790992                     /lib/x86_64-linux-gnu/libnss_files-2.21.so
7f08bdc3d000-7f08bdc48000 r-xp 00000000 08:06 791002                     /lib/x86_64-linux-gnu/libnss_nis-2.21.so
7f08bdc48000-7f08bde47000 ---p 0000b000 08:06 791002                     /lib/x86_64-linux-gnu/libnss_nis-2.21.so
7f08bde47000-7f08bde48000 r--p 0000a000 08:06 791002                     /lib/x86_64-linux-gnu/libnss_nis-2.21.so
7f08bde48000-7f08bde49000 rw-p 0000b000 08:06 791002                     /lib/x86_64-linux-gnu/libnss_nis-2.21.so
7f08bde49000-7f08bde60000 r-xp 00000000 08:06 790986                     /lib/x86_64-linux-gnu/libnsl-2.21.so
7f08bde60000-7f08be05f000 ---p 00017000 08:06 790986                     /lib/x86_64-linux-gnu/libnsl-2.21.so
7f08be05f000-7f08be060000 r--p 00016000 08:06 790986                     /lib/x86_64-linux-gnu/libnsl-2.21.so
7f08be060000-7f08be061000 rw-p 00017000 08:06 790986                     /lib/x86_64-linux-gnu/libnsl-2.21.so
7f08be061000-7f08be063000 rw-p 00000000 00:00 0 
7f08be063000-7f08be06b000 r-xp 00000000 08:06 790988                     /lib/x86_64-linux-gnu/libnss_compat-2.21.so
7f08be06b000-7f08be26a000 ---p 00008000 08:06 790988                     /lib/x86_64-linux-gnu/libnss_compat-2.21.so
7f08be26a000-7f08be26b000 r--p 00007000 08:06 790988                     /lib/x86_64-linux-gnu/libnss_compat-2.21.so
7f08be26b000-7f08be26c000 rw-p 00008000 08:06 790988                     /lib/x86_64-linux-gnu/libnss_compat-2.21.so
7f08be26c000-7f08be94f000 r--p 00000000 08:06 5774699                    /usr/lib/locale/locale-archive
7f08be94f000-7f08be951000 r-xp 00000000 08:06 7484484                    /usr/lib/jvm/java-8-oracle/jre/lib/amd64/libnpt.so
7f08be951000-7f08beb51000 ---p 00002000 08:06 7484484                    /usr/lib/jvm/java-8-oracle/jre/lib/amd64/libnpt.so
7f08beb51000-7f08beb52000 rw-p 00002000 08:06 7484484                    /usr/lib/jvm/java-8-oracle/jre/lib/amd64/libnpt.so
7f08beb52000-7f08beb8b000 r-xp 00000000 08:06 7484496                    /usr/lib/jvm/java-8-oracle/jre/lib/amd64/libjdwp.so
7f08beb8b000-7f08bed8a000 ---p 00039000 08:06 7484496                    /usr/lib/jvm/java-8-oracle/jre/lib/amd64/libjdwp.so
7f08bed8a000-7f08bed8c000 rw-p 00038000 08:06 7484496                    /usr/lib/jvm/java-8-oracle/jre/lib/amd64/libjdwp.so
7f08bed8c000-7f08bedb6000 r-xp 00000000 08:06 7484502                    /usr/lib/jvm/java-8-oracle/jre/lib/amd64/libjava.so
7f08bedb6000-7f08befb6000 ---p 0002a000 08:06 7484502                    /usr/lib/jvm/java-8-oracle/jre/lib/amd64/libjava.so
7f08befb6000-7f08befb8000 rw-p 0002a000 08:06 7484502                    /usr/lib/jvm/java-8-oracle/jre/lib/amd64/libjava.so
7f08befb8000-7f08befc5000 r-xp 00000000 08:06 7484506                    /usr/lib/jvm/java-8-oracle/jre/lib/amd64/libverify.so
7f08befc5000-7f08bf1c5000 ---p 0000d000 08:06 7484506                    /usr/lib/jvm/java-8-oracle/jre/lib/amd64/libverify.so
7f08bf1c5000-7f08bf1c7000 rw-p 0000d000 08:06 7484506                    /usr/lib/jvm/java-8-oracle/jre/lib/amd64/libverify.so
7f08bf1c7000-7f08bf1ce000 r-xp 00000000 08:06 791047                     /lib/x86_64-linux-gnu/librt-2.21.so
7f08bf1ce000-7f08bf3cd000 ---p 00007000 08:06 791047                     /lib/x86_64-linux-gnu/librt-2.21.so
7f08bf3cd000-7f08bf3ce000 r--p 00006000 08:06 791047                     /lib/x86_64-linux-gnu/librt-2.21.so
7f08bf3ce000-7f08bf3cf000 rw-p 00007000 08:06 791047                     /lib/x86_64-linux-gnu/librt-2.21.so
7f08bf3cf000-7f08bf4d6000 r-xp 00000000 08:06 790965                     /lib/x86_64-linux-gnu/libm-2.21.so
7f08bf4d6000-7f08bf6d5000 ---p 00107000 08:06 790965                     /lib/x86_64-linux-gnu/libm-2.21.so
7f08bf6d5000-7f08bf6d6000 r--p 00106000 08:06 790965                     /lib/x86_64-linux-gnu/libm-2.21.so
7f08bf6d6000-7f08bf6d7000 rw-p 00107000 08:06 790965                     /lib/x86_64-linux-gnu/libm-2.21.so
7f08bf6d7000-7f08c0395000 r-xp 00000000 08:06 8130923                    /usr/lib/jvm/java-8-oracle/jre/lib/amd64/server/libjvm.so
7f08c0395000-7f08c0594000 ---p 00cbe000 08:06 8130923                    /usr/lib/jvm/java-8-oracle/jre/lib/amd64/server/libjvm.so
7f08c0594000-7f08c066d000 rw-p 00cbd000 08:06 8130923                    /usr/lib/jvm/java-8-oracle/jre/lib/amd64/server/libjvm.so
7f08c066d000-7f08c06b1000 rw-p 00000000 00:00 0 
7f08c06b1000-7f08c0871000 r-xp 00000000 08:06 790903                     /lib/x86_64-linux-gnu/libc-2.21.so
7f08c0871000-7f08c0a71000 ---p 001c0000 08:06 790903                     /lib/x86_64-linux-gnu/libc-2.21.so
7f08c0a71000-7f08c0a75000 r--p 001c0000 08:06 790903                     /lib/x86_64-linux-gnu/libc-2.21.so
7f08c0a75000-7f08c0a77000 rw-p 001c4000 08:06 790903                     /lib/x86_64-linux-gnu/libc-2.21.so
7f08c0a77000-7f08c0a7b000 rw-p 00000000 00:00 0 
7f08c0a7b000-7f08c0a7e000 r-xp 00000000 08:06 790922                     /lib/x86_64-linux-gnu/libdl-2.21.so
7f08c0a7e000-7f08c0c7d000 ---p 00003000 08:06 790922                     /lib/x86_64-linux-gnu/libdl-2.21.so
7f08c0c7d000-7f08c0c7e000 r--p 00002000 08:06 790922                     /lib/x86_64-linux-gnu/libdl-2.21.so
7f08c0c7e000-7f08c0c7f000 rw-p 00003000 08:06 790922                     /lib/x86_64-linux-gnu/libdl-2.21.so
7f08c0c7f000-7f08c0c94000 r-xp 00000000 08:06 6690592                    /usr/lib/jvm/java-8-oracle/lib/amd64/jli/libjli.so
7f08c0c94000-7f08c0e94000 ---p 00015000 08:06 6690592                    /usr/lib/jvm/java-8-oracle/lib/amd64/jli/libjli.so
7f08c0e94000-7f08c0e95000 rw-p 00015000 08:06 6690592                    /usr/lib/jvm/java-8-oracle/lib/amd64/jli/libjli.so
7f08c0e95000-7f08c0ead000 r-xp 00000000 08:06 791039                     /lib/x86_64-linux-gnu/libpthread-2.21.so
7f08c0ead000-7f08c10ad000 ---p 00018000 08:06 791039                     /lib/x86_64-linux-gnu/libpthread-2.21.so
7f08c10ad000-7f08c10ae000 r--p 00018000 08:06 791039                     /lib/x86_64-linux-gnu/libpthread-2.21.so
7f08c10ae000-7f08c10af000 rw-p 00019000 08:06 791039                     /lib/x86_64-linux-gnu/libpthread-2.21.so
7f08c10af000-7f08c10b3000 rw-p 00000000 00:00 0 
7f08c10b3000-7f08c10d7000 r-xp 00000000 08:06 790875                     /lib/x86_64-linux-gnu/ld-2.21.so
7f08c10ef000-7f08c11ad000 rw-p 00000000 00:00 0 
7f08c11ad000-7f08c11b0000 ---p 00000000 00:00 0 
7f08c11b0000-7f08c12b2000 rw-p 00000000 00:00 0                          [stack:24071]
7f08c12c7000-7f08c12ca000 rw-p 00000000 00:00 0 
7f08c12ca000-7f08c12d2000 rw-s 00000000 08:06 1447119                    /tmp/hsperfdata_cedulio/24065
7f08c12d2000-7f08c12d3000 rw-p 00000000 00:00 0 
7f08c12d3000-7f08c12d4000 r--p 00000000 00:00 0 
7f08c12d4000-7f08c12d6000 rw-p 00000000 00:00 0 
7f08c12d6000-7f08c12d7000 r--p 00023000 08:06 790875                     /lib/x86_64-linux-gnu/ld-2.21.so
7f08c12d7000-7f08c12d8000 rw-p 00024000 08:06 790875                     /lib/x86_64-linux-gnu/ld-2.21.so
7f08c12d8000-7f08c12d9000 rw-p 00000000 00:00 0 
7ffd93b73000-7ffd93b94000 rw-p 00000000 00:00 0                          [stack]
7ffd93bfc000-7ffd93bfe000 r--p 00000000 00:00 0                          [vvar]
7ffd93bfe000-7ffd93c00000 r-xp 00000000 00:00 0                          [vdso]
ffffffffff600000-ffffffffff601000 r-xp 00000000 00:00 0                  [vsyscall]

VM Arguments:
jvm_args: -agentlib:jdwp=transport=dt_socket,suspend=y,address=localhost:43285 -Dfile.encoding=UTF-8 
java_command: br.net.ops.kamino.MainConsole /home/cedulio/Downloads/2015.csv localhost 3306 ops_kamino root @Misedoli0
java_class_path (initial): /home/cedulio/projetos_ops/kamino/bin:/home/cedulio/projetos_ops/kamino/libs/opencsv-3.6.jar:/home/cedulio/projetos_ops/kamino/libs/commons-lang3-3.0.jar:/home/cedulio/projetos_ops/kamino/libs/mysql-connector-java-5.1.38-bin.jar
Launcher Type: SUN_STANDARD

Environment Variables:
PATH=/usr/local/sbin:/usr/local/bin:/usr/sbin:/usr/bin:/sbin:/bin:/usr/games:/usr/local/games
SHELL=/bin/bash
DISPLAY=:0.0

Signal Handlers:
SIGSEGV: [libjvm.so+0xaba2a0], sa_mask[0]=11111111011111111101111111111110, sa_flags=SA_RESTART|SA_SIGINFO
SIGBUS: [libjvm.so+0xaba2a0], sa_mask[0]=11111111011111111101111111111110, sa_flags=SA_RESTART|SA_SIGINFO
SIGFPE: [libjvm.so+0x917710], sa_mask[0]=11111111011111111101111111111110, sa_flags=SA_RESTART|SA_SIGINFO
SIGPIPE: [libjvm.so+0x917710], sa_mask[0]=11111111011111111101111111111110, sa_flags=SA_RESTART|SA_SIGINFO
SIGXFSZ: [libjvm.so+0x917710], sa_mask[0]=11111111011111111101111111111110, sa_flags=SA_RESTART|SA_SIGINFO
SIGILL: [libjvm.so+0x917710], sa_mask[0]=11111111011111111101111111111110, sa_flags=SA_RESTART|SA_SIGINFO
SIGUSR1: SIG_DFL, sa_mask[0]=00000000000000000000000000000000, sa_flags=none
SIGUSR2: [libjvm.so+0x918d40], sa_mask[0]=00100000000000000000000000000000, sa_flags=SA_RESTART|SA_SIGINFO
SIGHUP: [libjvm.so+0x91a140], sa_mask[0]=11111111011111111101111111111110, sa_flags=SA_RESTART|SA_SIGINFO
SIGINT: [libjvm.so+0x91a140], sa_mask[0]=11111111011111111101111111111110, sa_flags=SA_RESTART|SA_SIGINFO
SIGTERM: [libjvm.so+0x91a140], sa_mask[0]=11111111011111111101111111111110, sa_flags=SA_RESTART|SA_SIGINFO
SIGQUIT: [libjvm.so+0x91a140], sa_mask[0]=11111111011111111101111111111110, sa_flags=SA_RESTART|SA_SIGINFO


---------------  S Y S T E M  ---------------

OS:DISTRIB_ID=Ubuntu
DISTRIB_RELEASE=15.10
DISTRIB_CODENAME=wily
DISTRIB_DESCRIPTION="Ubuntu 15.10"

uname:Linux 4.2.0-22-generic #27-Ubuntu SMP Thu Dec 17 22:57:08 UTC 2015 x86_64
libc:glibc 2.21 NPTL 2.21 
rlimit: STACK 8192k, CORE 0k, NPROC 47623, NOFILE 65536, AS infinity
load average:0,12 0,21 0,37

/proc/meminfo:
MemTotal:       12225712 kB
MemFree:         3879740 kB
MemAvailable:    8153900 kB
Buffers:          257528 kB
Cached:          3665616 kB
SwapCached:            0 kB
Active:          5724692 kB
Inactive:        1984612 kB
Active(anon):    3789680 kB
Inactive(anon):    27316 kB
Active(file):    1935012 kB
Inactive(file):  1957296 kB
Unevictable:          40 kB
Mlocked:              40 kB
SwapTotal:       1951740 kB
SwapFree:        1951740 kB
Dirty:               492 kB
Writeback:             0 kB
AnonPages:       3786172 kB
Mapped:           614968 kB
Shmem:             30840 kB
Slab:             486424 kB
SReclaimable:     434040 kB
SUnreclaim:        52384 kB
KernelStack:       13104 kB
PageTables:        45364 kB
NFS_Unstable:          0 kB
Bounce:                0 kB
WritebackTmp:          0 kB
CommitLimit:     8064596 kB
Committed_AS:    9137000 kB
VmallocTotal:   34359738367 kB
VmallocUsed:      135800 kB
VmallocChunk:   34359535612 kB
HardwareCorrupted:     0 kB
AnonHugePages:   2013184 kB
CmaTotal:              0 kB
CmaFree:               0 kB
HugePages_Total:       0
HugePages_Free:        0
HugePages_Rsvd:        0
HugePages_Surp:        0
Hugepagesize:       2048 kB
DirectMap4k:      293612 kB
DirectMap2M:    10115072 kB
DirectMap1G:     2097152 kB


CPU:total 8 (4 cores per cpu, 2 threads per core) family 6 model 45 stepping 7, cmov, cx8, fxsr, mmx, sse, sse2, sse3, ssse3, sse4.1, sse4.2, popcnt, avx, aes, clmul, ht, tsc, tscinvbit, tscinv

/proc/cpuinfo:
processor	: 0
vendor_id	: GenuineIntel
cpu family	: 6
model		: 45
model name	: Intel(R) Core(TM) i7-3820 CPU @ 3.60GHz
stepping	: 7
microcode	: 0x710
cpu MHz		: 2823.750
cache size	: 10240 KB
physical id	: 0
siblings	: 8
core id		: 0
cpu cores	: 4
apicid		: 0
initial apicid	: 0
fpu		: yes
fpu_exception	: yes
cpuid level	: 13
wp		: yes
flags		: fpu vme de pse tsc msr pae mce cx8 apic sep mtrr pge mca cmov pat pse36 clflush dts acpi mmx fxsr sse sse2 ss ht tm pbe syscall nx pdpe1gb rdtscp lm constant_tsc arch_perfmon pebs bts rep_good nopl xtopology nonstop_tsc aperfmperf eagerfpu pni pclmulqdq dtes64 monitor ds_cpl vmx est tm2 ssse3 cx16 xtpr pdcm pcid dca sse4_1 sse4_2 x2apic popcnt tsc_deadline_timer aes xsave avx lahf_lm ida arat epb pln pts dtherm tpr_shadow vnmi flexpriority ept vpid xsaveopt
bugs		:
bogomips	: 7200.16
clflush size	: 64
cache_alignment	: 64
address sizes	: 46 bits physical, 48 bits virtual
power management:

processor	: 1
vendor_id	: GenuineIntel
cpu family	: 6
model		: 45
model name	: Intel(R) Core(TM) i7-3820 CPU @ 3.60GHz
stepping	: 7
microcode	: 0x710
cpu MHz		: 1854.000
cache size	: 10240 KB
physical id	: 0
siblings	: 8
core id		: 0
cpu cores	: 4
apicid		: 1
initial apicid	: 1
fpu		: yes
fpu_exception	: yes
cpuid level	: 13
wp		: yes
flags		: fpu vme de pse tsc msr pae mce cx8 apic sep mtrr pge mca cmov pat pse36 clflush dts acpi mmx fxsr sse sse2 ss ht tm pbe syscall nx pdpe1gb rdtscp lm constant_tsc arch_perfmon pebs bts rep_good nopl xtopology nonstop_tsc aperfmperf eagerfpu pni pclmulqdq dtes64 monitor ds_cpl vmx est tm2 ssse3 cx16 xtpr pdcm pcid dca sse4_1 sse4_2 x2apic popcnt tsc_deadline_timer aes xsave avx lahf_lm ida arat epb pln pts dtherm tpr_shadow vnmi flexpriority ept vpid xsaveopt
bugs		:
bogomips	: 7200.16
clflush size	: 64
cache_alignment	: 64
address sizes	: 46 bits physical, 48 bits virtual
power management:

processor	: 2
vendor_id	: GenuineIntel
cpu family	: 6
model		: 45
model name	: Intel(R) Core(TM) i7-3820 CPU @ 3.60GHz
stepping	: 7
microcode	: 0x710
cpu MHz		: 2799.703
cache size	: 10240 KB
physical id	: 0
siblings	: 8
core id		: 1
cpu cores	: 4
apicid		: 2
initial apicid	: 2
fpu		: yes
fpu_exception	: yes
cpuid level	: 13
wp		: yes
flags		: fpu vme de pse tsc msr pae mce cx8 apic sep mtrr pge mca cmov pat pse36 clflush dts acpi mmx fxsr sse sse2 ss ht tm pbe syscall nx pdpe1gb rdtscp lm constant_tsc arch_perfmon pebs bts rep_good nopl xtopology nonstop_tsc aperfmperf eagerfpu pni pclmulqdq dtes64 monitor ds_cpl vmx est tm2 ssse3 cx16 xtpr pdcm pcid dca sse4_1 sse4_2 x2apic popcnt tsc_deadline_timer aes xsave avx lahf_lm ida arat epb pln pts dtherm tpr_shadow vnmi flexpriority ept vpid xsaveopt
bugs		:
bogomips	: 7200.16
clflush size	: 64
cache_alignment	: 64
address sizes	: 46 bits physical, 48 bits virtual
power management:

processor	: 3
vendor_id	: GenuineIntel
cpu family	: 6
model		: 45
model name	: Intel(R) Core(TM) i7-3820 CPU @ 3.60GHz
stepping	: 7
microcode	: 0x710
cpu MHz		: 2799.984
cache size	: 10240 KB
physical id	: 0
siblings	: 8
core id		: 1
cpu cores	: 4
apicid		: 3
initial apicid	: 3
fpu		: yes
fpu_exception	: yes
cpuid level	: 13
wp		: yes
flags		: fpu vme de pse tsc msr pae mce cx8 apic sep mtrr pge mca cmov pat pse36 clflush dts acpi mmx fxsr sse sse2 ss ht tm pbe syscall nx pdpe1gb rdtscp lm constant_tsc arch_perfmon pebs bts rep_good nopl xtopology nonstop_tsc aperfmperf eagerfpu pni pclmulqdq dtes64 monitor ds_cpl vmx est tm2 ssse3 cx16 xtpr pdcm pcid dca sse4_1 sse4_2 x2apic popcnt tsc_deadline_timer aes xsave avx lahf_lm ida arat epb pln pts dtherm tpr_shadow vnmi flexpriority ept vpid xsaveopt
bugs		:
bogomips	: 7200.16
clflush size	: 64
cache_alignment	: 64
address sizes	: 46 bits physical, 48 bits virtual
power management:

processor	: 4
vendor_id	: GenuineIntel
cpu family	: 6
model		: 45
model name	: Intel(R) Core(TM) i7-3820 CPU @ 3.60GHz
stepping	: 7
microcode	: 0x710
cpu MHz		: 2851.593
cache size	: 10240 KB
physical id	: 0
siblings	: 8
core id		: 2
cpu cores	: 4
apicid		: 4
initial apicid	: 4
fpu		: yes
fpu_exception	: yes
cpuid level	: 13
wp		: yes
flags		: fpu vme de pse tsc msr pae mce cx8 apic sep mtrr pge mca cmov pat pse36 clflush dts acpi mmx fxsr sse sse2 ss ht tm pbe syscall nx pdpe1gb rdtscp lm constant_tsc arch_perfmon pebs bts rep_good nopl xtopology nonstop_tsc aperfmperf eagerfpu pni pclmulqdq dtes64 monitor ds_cpl vmx est tm2 ssse3 cx16 xtpr pdcm pcid dca sse4_1 sse4_2 x2apic popcnt tsc_deadline_timer aes xsave avx lahf_lm ida arat epb pln pts dtherm tpr_shadow vnmi flexpriority ept vpid xsaveopt
bugs		:
bogomips	: 7200.16
clflush size	: 64
cache_alignment	: 64
address sizes	: 46 bits physical, 48 bits virtual
power management:

processor	: 5
vendor_id	: GenuineIntel
cpu family	: 6
model		: 45
model name	: Intel(R) Core(TM) i7-3820 CPU @ 3.60GHz
stepping	: 7
microcode	: 0x710
cpu MHz		: 2807.156
cache size	: 10240 KB
physical id	: 0
siblings	: 8
core id		: 2
cpu cores	: 4
apicid		: 5
initial apicid	: 5
fpu		: yes
fpu_exception	: yes
cpuid level	: 13
wp		: yes
flags		: fpu vme de pse tsc msr pae mce cx8 apic sep mtrr pge mca cmov pat pse36 clflush dts acpi mmx fxsr sse sse2 ss ht tm pbe syscall nx pdpe1gb rdtscp lm constant_tsc arch_perfmon pebs bts rep_good nopl xtopology nonstop_tsc aperfmperf eagerfpu pni pclmulqdq dtes64 monitor ds_cpl vmx est tm2 ssse3 cx16 xtpr pdcm pcid dca sse4_1 sse4_2 x2apic popcnt tsc_deadline_timer aes xsave avx lahf_lm ida arat epb pln pts dtherm tpr_shadow vnmi flexpriority ept vpid xsaveopt
bugs		:
bogomips	: 7200.16
clflush size	: 64
cache_alignment	: 64
address sizes	: 46 bits physical, 48 bits virtual
power management:

processor	: 6
vendor_id	: GenuineIntel
cpu family	: 6
model		: 45
model name	: Intel(R) Core(TM) i7-3820 CPU @ 3.60GHz
stepping	: 7
microcode	: 0x710
cpu MHz		: 2897.437
cache size	: 10240 KB
physical id	: 0
siblings	: 8
core id		: 3
cpu cores	: 4
apicid		: 6
initial apicid	: 6
fpu		: yes
fpu_exception	: yes
cpuid level	: 13
wp		: yes
flags		: fpu vme de pse tsc msr pae mce cx8 apic sep mtrr pge mca cmov pat pse36 clflush dts acpi mmx fxsr sse sse2 ss ht tm pbe syscall nx pdpe1gb rdtscp lm constant_tsc arch_perfmon pebs bts rep_good nopl xtopology nonstop_tsc aperfmperf eagerfpu pni pclmulqdq dtes64 monitor ds_cpl vmx est tm2 ssse3 cx16 xtpr pdcm pcid dca sse4_1 sse4_2 x2apic popcnt tsc_deadline_timer aes xsave avx lahf_lm ida arat epb pln pts dtherm tpr_shadow vnmi flexpriority ept vpid xsaveopt
bugs		:
bogomips	: 7200.16
clflush size	: 64
cache_alignment	: 64
address sizes	: 46 bits physical, 48 bits virtual
power management:

processor	: 7
vendor_id	: GenuineIntel
cpu family	: 6
model		: 45
model name	: Intel(R) Core(TM) i7-3820 CPU @ 3.60GHz
stepping	: 7
microcode	: 0x710
cpu MHz		: 2810.390
cache size	: 10240 KB
physical id	: 0
siblings	: 8
core id		: 3
cpu cores	: 4
apicid		: 7
initial apicid	: 7
fpu		: yes
fpu_exception	: yes
cpuid level	: 13
wp		: yes
flags		: fpu vme de pse tsc msr pae mce cx8 apic sep mtrr pge mca cmov pat pse36 clflush dts acpi mmx fxsr sse sse2 ss ht tm pbe syscall nx pdpe1gb rdtscp lm constant_tsc arch_perfmon pebs bts rep_good nopl xtopology nonstop_tsc aperfmperf eagerfpu pni pclmulqdq dtes64 monitor ds_cpl vmx est tm2 ssse3 cx16 xtpr pdcm pcid dca sse4_1 sse4_2 x2apic popcnt tsc_deadline_timer aes xsave avx lahf_lm ida arat epb pln pts dtherm tpr_shadow vnmi flexpriority ept vpid xsaveopt
bugs		:
bogomips	: 7200.16
clflush size	: 64
cache_alignment	: 64
address sizes	: 46 bits physical, 48 bits virtual
power management:



Memory: 4k page, physical 12225712k(3879740k free), swap 1951740k(1951740k free)

vm_info: Java HotSpot(TM) 64-Bit Server VM (25.66-b17) for linux-amd64 JRE (1.8.0_66-b17), built on Oct  6 2015 17:28:34 by "java_re" with gcc 4.3.0 20080428 (Red Hat 4.3.0-8)

time: Mon Dec 21 17:34:33 2015
elapsed time: 49 seconds (0d 0h 0m 49s)

